<?xml version="1.0" encoding="UTF-8"?>
<coverage generated="1646387982927" clover="3.2.0">
  <project timestamp="1646387982927" name="All files">
    <metrics statements="19" coveredstatements="18" conditionals="0" coveredconditionals="0" methods="7" coveredmethods="6" elements="26" coveredelements="24" complexity="0" loc="19" ncloc="19" packages="1" files="2" classes="2"/>
    <file name="block.js" path="/Users/agonavdimetaj/Documents/GitHub/RetroChain/block.js">
      <metrics statements="13" coveredstatements="12" conditionals="0" coveredconditionals="0" methods="5" coveredmethods="4"/>
      <line num="1" count="2" type="stmt"/>
      <line num="7" count="8" type="stmt"/>
      <line num="8" count="8" type="stmt"/>
      <line num="9" count="8" type="stmt"/>
      <line num="10" count="8" type="stmt"/>
      <line num="16" count="0" type="stmt"/>
      <line num="26" count="5" type="stmt"/>
      <line num="31" count="3" type="stmt"/>
      <line num="32" count="3" type="stmt"/>
      <line num="33" count="3" type="stmt"/>
      <line num="34" count="3" type="stmt"/>
      <line num="39" count="3" type="stmt"/>
      <line num="44" count="2" type="stmt"/>
    </file>
    <file name="blockchain.js" path="/Users/agonavdimetaj/Documents/GitHub/RetroChain/blockchain.js">
      <metrics statements="6" coveredstatements="6" conditionals="0" coveredconditionals="0" methods="2" coveredmethods="2"/>
      <line num="1" count="1" type="stmt"/>
      <line num="7" count="2" type="stmt"/>
      <line num="11" count="1" type="stmt"/>
      <line num="12" count="1" type="stmt"/>
      <line num="13" count="1" type="stmt"/>
      <line num="18" count="1" type="stmt"/>
    </file>
  </project>
</coverage>
