<?xml version="1.0" encoding="UTF-8"?>
<coverage generated="1646506502618" clover="3.2.0">
  <project timestamp="1646506502618" name="All files">
    <metrics statements="18" coveredstatements="17" conditionals="0" coveredconditionals="0" methods="7" coveredmethods="6" elements="25" coveredelements="23" complexity="0" loc="18" ncloc="18" packages="1" files="2" classes="2"/>
    <file name="block.js" path="/Users/agonavdimetaj/Documents/GitHub/RetroChain/block.js">
      <metrics statements="12" coveredstatements="11" conditionals="0" coveredconditionals="0" methods="5" coveredmethods="4"/>
      <line num="1" count="2" type="stmt"/>
      <line num="6" count="8" type="stmt"/>
      <line num="8" count="8" type="stmt"/>
      <line num="9" count="8" type="stmt"/>
      <line num="13" count="0" type="stmt"/>
      <line num="21" count="5" type="stmt"/>
      <line num="25" count="3" type="stmt"/>
      <line num="26" count="3" type="stmt"/>
      <line num="27" count="3" type="stmt"/>
      <line num="28" count="3" type="stmt"/>
      <line num="32" count="3" type="stmt"/>
      <line num="37" count="2" type="stmt"/>
    </file>
    <file name="blockchain.js" path="/Users/agonavdimetaj/Documents/GitHub/RetroChain/blockchain.js">
      <metrics statements="6" coveredstatements="6" conditionals="0" coveredconditionals="0" methods="2" coveredmethods="2"/>
      <line num="1" count="1" type="stmt"/>
      <line num="5" count="2" type="stmt"/>
      <line num="8" count="1" type="stmt"/>
      <line num="9" count="1" type="stmt"/>
      <line num="10" count="1" type="stmt"/>
      <line num="14" count="1" type="stmt"/>
    </file>
  </project>
</coverage>
