{"/Users/agonavdimetaj/Documents/GitHub/RetroChain/block.js": {"path":"/Users/agonavdimetaj/Documents/GitHub/RetroChain/block.js","statementMap":{"0":{"start":{"line":1,"column":15},"end":{"line":1,"column":42}},"1":{"start":{"line":6,"column":8},"end":{"line":6,"column":35}},"2":{"start":{"line":8,"column":8},"end":{"line":8,"column":25}},"3":{"start":{"line":9,"column":8},"end":{"line":9,"column":25}},"4":{"start":{"line":13,"column":8},"end":{"line":17,"column":28}},"5":{"start":{"line":21,"column":8},"end":{"line":21,"column":120}},"6":{"start":{"line":25,"column":26},"end":{"line":25,"column":36}},"7":{"start":{"line":26,"column":25},"end":{"line":26,"column":39}},"8":{"start":{"line":27,"column":21},"end":{"line":27,"column":58}},"9":{"start":{"line":28,"column":8},"end":{"line":28,"column":58}},"10":{"start":{"line":32,"column":8},"end":{"line":32,"column":67}},"11":{"start":{"line":37,"column":0},"end":{"line":37,"column":23}}},"fnMap":{"0":{"name":"(anonymous_0)","decl":{"start":{"line":5,"column":4},"end":{"line":5,"column":5}},"loc":{"start":{"line":5,"column":49},"end":{"line":10,"column":5}},"line":5},"1":{"name":"(anonymous_1)","decl":{"start":{"line":12,"column":4},"end":{"line":12,"column":5}},"loc":{"start":{"line":12,"column":15},"end":{"line":18,"column":5}},"line":12},"2":{"name":"(anonymous_2)","decl":{"start":{"line":20,"column":4},"end":{"line":20,"column":5}},"loc":{"start":{"line":20,"column":21},"end":{"line":22,"column":5}},"line":20},"3":{"name":"(anonymous_3)","decl":{"start":{"line":24,"column":4},"end":{"line":24,"column":5}},"loc":{"start":{"line":24,"column":37},"end":{"line":29,"column":5}},"line":24},"4":{"name":"(anonymous_4)","decl":{"start":{"line":31,"column":4},"end":{"line":31,"column":5}},"loc":{"start":{"line":31,"column":43},"end":{"line":33,"column":5}},"line":31}},"branchMap":{},"s":{"0":2,"1":8,"2":8,"3":8,"4":0,"5":5,"6":3,"7":3,"8":3,"9":3,"10":3,"11":2},"f":{"0":8,"1":0,"2":5,"3":3,"4":3},"b":{},"_coverageSchema":"1a1c01bbd47fc00a2c39e90264f33305004495a9","hash":"da77227c6a517fce8bf9e2434f073ae7b8c9029a"}
,"/Users/agonavdimetaj/Documents/GitHub/RetroChain/blockchain.js": {"path":"/Users/agonavdimetaj/Documents/GitHub/RetroChain/blockchain.js","statementMap":{"0":{"start":{"line":1,"column":14},"end":{"line":1,"column":32}},"1":{"start":{"line":5,"column":8},"end":{"line":5,"column":39}},"2":{"start":{"line":8,"column":22},"end":{"line":8,"column":76}},"3":{"start":{"line":9,"column":8},"end":{"line":9,"column":31}},"4":{"start":{"line":10,"column":8},"end":{"line":10,"column":21}},"5":{"start":{"line":14,"column":0},"end":{"line":14,"column":28}}},"fnMap":{"0":{"name":"(anonymous_0)","decl":{"start":{"line":4,"column":4},"end":{"line":4,"column":5}},"loc":{"start":{"line":4,"column":18},"end":{"line":6,"column":5}},"line":4},"1":{"name":"(anonymous_1)","decl":{"start":{"line":7,"column":4},"end":{"line":7,"column":5}},"loc":{"start":{"line":7,"column":19},"end":{"line":11,"column":5}},"line":7}},"branchMap":{},"s":{"0":1,"1":2,"2":1,"3":1,"4":1,"5":1},"f":{"0":2,"1":1},"b":{},"_coverageSchema":"1a1c01bbd47fc00a2c39e90264f33305004495a9","hash":"dc77e07d63c195a1fab60ce47e42168457559558"}
}
