TN:
SF:block.js
FN:5,(anonymous_0)
FN:14,(anonymous_1)
FN:24,(anonymous_2)
FN:29,(anonymous_3)
FN:37,(anonymous_4)
FNF:5
FNH:4
FNDA:8,(anonymous_0)
FNDA:0,(anonymous_1)
FNDA:5,(anonymous_2)
FNDA:3,(anonymous_3)
FNDA:3,(anonymous_4)
DA:1,2
DA:7,8
DA:8,8
DA:9,8
DA:10,8
DA:16,0
DA:26,5
DA:31,3
DA:32,3
DA:33,3
DA:34,3
DA:39,3
DA:44,2
LF:13
LH:12
BRF:0
BRH:0
end_of_record
TN:
SF:blockchain.js
FN:5,(anonymous_0)
FN:9,(anonymous_1)
FNF:2
FNH:2
FNDA:2,(anonymous_0)
FNDA:1,(anonymous_1)
DA:1,1
DA:7,2
DA:11,1
DA:12,1
DA:13,1
DA:18,1
LF:6
LH:6
BRF:0
BRH:0
end_of_record
